<?xml version="1.0" encoding="UTF-8"?>
<!-- Generated by org.testng.reporters.JUnitXMLReporter -->
<testsuite ignored="0" hostname="DESKTOP-90570T0" failures="0" tests="11" name="Tests" time="143.508" errors="0" timestamp="2025-09-16T13:27:31 IST">
  <testcase classname="tests.DashboardTest" name="verifyDashboardScenarios" time="8.39"/>
  <testcase classname="tests.ForgotPasswordTest" name="verifyForgotPasswordLink" time="3.74"/>
  <testcase classname="tests.LoginTest" name="verifyLoginAndLogout" time="7.738"/>
  <testcase classname="tests.LoginTest" name="invalidPasswordLogin" time="6.59"/>
  <testcase classname="tests.LoginTest" name="invalidUsernameLogin" time="8.185"/>
  <testcase classname="tests.LoginTest" name="emptyUsernameAndPassword" time="7.059"/>
  <testcase classname="tests.LoginTest" name="emptyUsernameOnly" time="7.148"/>
  <testcase classname="tests.LoginTest" name="emptyPasswordOnly" time="6.573"/>
  <testcase classname="tests.LoginTestExcel" name="verifyLogin" time="7.745"/>
  <testcase classname="tests.LoginTestExcel" name="verifyLogin" time="6.683"/>
  <testcase classname="tests.LoginTestExcel" name="verifyLogin" time="6.625"/>
</testsuite> <!-- Tests -->
