<?xml version="1.0" encoding="UTF-8"?>
<!-- Generated by org.testng.reporters.JUnitXMLReporter -->
<testsuite ignored="0" hostname="DESKTOP-90570T0" failures="0" tests="7" name="Tests" time="120.926" errors="0" timestamp="2025-08-12T10:34:06 IST">
  <testcase classname="tests.LoginTest" name="verifyLoginAndLogout" time="8.352"/>
  <testcase classname="tests.LoginTest" name="invalidPasswordLogin" time="6.61"/>
  <testcase classname="tests.LoginTest" name="invalidUsernameLogin" time="9.413"/>
  <testcase classname="tests.LoginTest" name="emptyUsernameAndPassword" time="10.362"/>
  <testcase classname="tests.LoginTest" name="emptyUsernameOnly" time="8.225"/>
  <testcase classname="tests.LoginTest" name="emptyPasswordOnly" time="6.471"/>
  <testcase classname="tests.DashboardTest" name="verifyDashboardScenarios" time="11.041"/>
</testsuite> <!-- Tests -->
