<?xml version="1.0" encoding="UTF-8"?>
<!-- Generated by org.testng.reporters.JUnitXMLReporter -->
<testsuite ignored="0" hostname="DESKTOP-90570T0" failures="0" tests="6" name="Default test" time="65.263" errors="0" timestamp="2025-08-05T10:28:24 IST">
  <testcase classname="tests.LoginTest" name="verifyLoginAndLogout" time="7.441"/>
  <testcase classname="tests.LoginTest" name="invalidPasswordLogin" time="5.88"/>
  <testcase classname="tests.LoginTest" name="invalidUsernameLogin" time="5.839"/>
  <testcase classname="tests.LoginTest" name="emptyUsernameAndPassword" time="5.839"/>
  <testcase classname="tests.LoginTest" name="emptyUsernameOnly" time="5.851"/>
  <testcase classname="tests.LoginTest" name="emptyPasswordOnly" time="5.854"/>
</testsuite> <!-- Default test -->
