<?xml version="1.0" encoding="UTF-8"?>
<testng-results ignored="0" total="1" passed="1" failed="0" skipped="0">
  <reporter-output>
  </reporter-output>
  <suite started-at="2025-07-16T17:37:36 IST" name="Default suite" finished-at="2025-07-16T17:37:50 IST" duration-ms="14098">
    <groups>
    </groups>
    <test started-at="2025-07-16T17:37:36 IST" name="Default test" finished-at="2025-07-16T17:37:50 IST" duration-ms="14098">
      <class name="tests.LoginTest">
        <test-method is-config="true" signature="setup()[pri:0, instance:tests.LoginTest@4b3ed2f0]" started-at="2025-07-16T17:37:36 IST" name="setup" finished-at="2025-07-16T17:37:44 IST" duration-ms="8791" status="PASS">
          <reporter-output>
          </reporter-output>
        </test-method> <!-- setup -->
        <test-method signature="verifyLoginAndLogout()[pri:0, instance:tests.LoginTest@4b3ed2f0]" started-at="2025-07-16T17:37:44 IST" name="verifyLoginAndLogout" finished-at="2025-07-16T17:37:49 IST" duration-ms="5028" status="PASS">
          <reporter-output>
          </reporter-output>
        </test-method> <!-- verifyLoginAndLogout -->
        <test-method is-config="true" signature="tearDown()[pri:0, instance:tests.LoginTest@4b3ed2f0]" started-at="2025-07-16T17:37:49 IST" name="tearDown" finished-at="2025-07-16T17:37:50 IST" duration-ms="236" status="PASS">
          <reporter-output>
          </reporter-output>
        </test-method> <!-- tearDown -->
      </class> <!-- tests.LoginTest -->
    </test> <!-- Default test -->
  </suite> <!-- Default suite -->
</testng-results>
